0 silly argv {
0 silly argv   _: [ 'create' ],
0 silly argv   lernaVersion: '5.1.2',
0 silly argv   '$0': 'lerna',
0 silly argv   name: 'moon-tempate-typescript'
0 silly argv }
1 notice cli v5.1.2
2 verbose rootPath /Users/gy./Desktop/banana-react-cli
3 error Error: canceled
3 error     at Interface.<anonymous> (/Users/gy./Desktop/banana-react-cli/node_modules/read/lib/read.js:66:13)
3 error     at Interface.emit (events.js:400:28)
3 error     at Interface._ttyWrite (readline.js:1001:16)
3 error     at ReadStream.onkeypress (readline.js:265:10)
3 error     at ReadStream.emit (events.js:400:28)
3 error     at emitKeys (internal/readline/utils.js:358:14)
3 error     at emitKeys.next (<anonymous>)
3 error     at ReadStream.onData (readline.js:1270:36)
3 error     at ReadStream.emit (events.js:400:28)
3 error     at addChunk (internal/streams/readable.js:293:12)
3 error     at readableAddChunk (internal/streams/readable.js:267:9)
3 error     at ReadStream.Readable.push (internal/streams/readable.js:206:10)
